<?xml version="1.0" encoding="UTF-8"?>
<robot generator="Robot 4.1.3 (Python 3.9.7 on win32)" generated="20220204 15:22:24.361" rpa="false" schemaversion="2">
<suite id="s1" name="Buttons" source="C:\luiz\Appium\tests\buttons.robot">
<test id="s1-t1" name="Click Simples">
<kw name="Open Session" library="base" type="SETUP">
<kw name="Set Appium Timeout" library="AppiumLibrary">
<arg>5</arg>
<doc>Sets the timeout in seconds used by various keywords.</doc>
<status status="PASS" starttime="20220204 15:22:24.529" endtime="20220204 15:22:24.529"/>
</kw>
<kw name="Open Application" library="AppiumLibrary">
<arg>http://localhost:4723/wd/hub</arg>
<arg>automationName=UiAutomator2</arg>
<arg>platformName=Android</arg>
<arg>deviceName=Android Emulator</arg>
<arg>app=${EXECDIR}/app/twp.apk</arg>
<doc>Opens a new application to given Appium server.
Capabilities of appium server, Android and iOS,
Please check https://github.com/appium/appium/blob/master/docs/en/writing-running-appium/server-args.md
| *Option*            | *Man.* | *Description*     |
| remote_url          | Yes    | Appium server url |
| alias               | no     | alias             |</doc>
<status status="PASS" starttime="20220204 15:22:24.529" endtime="20220204 15:22:32.586"/>
</kw>
<kw name="Get Started" library="steps">
<kw name="Wait Until Page Contains" library="AppiumLibrary">
<arg>${Start}</arg>
<arg>20</arg>
<doc>Waits until `text` appears on current page.</doc>
<status status="PASS" starttime="20220204 15:22:32.586" endtime="20220204 15:22:36.998"/>
</kw>
<kw name="Click Text" library="AppiumLibrary">
<arg>${Start}</arg>
<doc>Click text identified by ``text``.</doc>
<status status="PASS" starttime="20220204 15:22:36.998" endtime="20220204 15:22:37.313"/>
</kw>
<status status="PASS" starttime="20220204 15:22:32.586" endtime="20220204 15:22:37.313"/>
</kw>
<status status="PASS" starttime="20220204 15:22:24.529" endtime="20220204 15:22:37.313"/>
</kw>
<kw name="Go To Short Click" library="steps">
<kw name="Open Nav" library="steps">
<kw name="Wait Until Element Is Visible" library="AppiumLibrary">
<arg>${Hamburguer}</arg>
<arg>10</arg>
<doc>Waits until element specified with `locator` is visible.</doc>
<status status="PASS" starttime="20220204 15:22:37.314" endtime="20220204 15:22:38.510"/>
</kw>
<kw name="Click Element" library="AppiumLibrary">
<arg>${Hamburguer}</arg>
<doc>Click element identified by `locator`.</doc>
<msg timestamp="20220204 15:22:38.511" level="INFO">Clicking element 'xpath=//android.widget.ImageButton[@content-desc="Open navigation drawer"]'.</msg>
<status status="PASS" starttime="20220204 15:22:38.510" endtime="20220204 15:22:38.578"/>
</kw>
<kw name="Wait Until Element Is Visible" library="AppiumLibrary">
<arg>${NavView}</arg>
<arg>5</arg>
<doc>Waits until element specified with `locator` is visible.</doc>
<status status="PASS" starttime="20220204 15:22:38.579" endtime="20220204 15:22:39.516"/>
</kw>
<status status="PASS" starttime="20220204 15:22:37.314" endtime="20220204 15:22:39.516"/>
</kw>
<kw name="Click Text" library="AppiumLibrary">
<arg>BOTÕES</arg>
<doc>Click text identified by ``text``.</doc>
<status status="PASS" starttime="20220204 15:22:39.516" endtime="20220204 15:22:39.609"/>
</kw>
<kw name="Wait Until Page Contains" library="AppiumLibrary">
<arg>CLIQUE SIMPLES</arg>
<doc>Waits until `text` appears on current page.</doc>
<status status="PASS" starttime="20220204 15:22:39.609" endtime="20220204 15:22:39.832"/>
</kw>
<kw name="Click Text" library="AppiumLibrary">
<arg>CLIQUE SIMPLES</arg>
<doc>Click text identified by ``text``.</doc>
<status status="PASS" starttime="20220204 15:22:39.832" endtime="20220204 15:22:40.604"/>
</kw>
<kw name="Wait Until Page Contains" library="AppiumLibrary">
<arg>Botão clique simples</arg>
<doc>Waits until `text` appears on current page.</doc>
<status status="PASS" starttime="20220204 15:22:40.604" endtime="20220204 15:22:41.327"/>
</kw>
<status status="PASS" starttime="20220204 15:22:37.313" endtime="20220204 15:22:41.328"/>
</kw>
<kw name="Click Element" library="AppiumLibrary">
<arg>${BtnCliqueSimples}</arg>
<doc>Click element identified by `locator`.</doc>
<msg timestamp="20220204 15:22:41.331" level="INFO">Clicking element 'id=io.qaninja.android.twp:id/short_click'.</msg>
<status status="PASS" starttime="20220204 15:22:41.329" endtime="20220204 15:22:41.372"/>
</kw>
<kw name="Wait Until Page Contains" library="AppiumLibrary">
<arg>Isso é um clique simples</arg>
<doc>Waits until `text` appears on current page.</doc>
<status status="PASS" starttime="20220204 15:22:41.372" endtime="20220204 15:22:41.450"/>
</kw>
<kw name="Close Session" library="base" type="TEARDOWN">
<kw name="Capture Page Screenshot" library="AppiumLibrary">
<doc>Takes a screenshot of the current page and embeds it into the log.</doc>
<msg timestamp="20220204 15:22:41.699" level="INFO" html="true">&lt;/td&gt;&lt;/tr&gt;&lt;tr&gt;&lt;td colspan="3"&gt;&lt;a href="appium-screenshot-1.png"&gt;&lt;img src="appium-screenshot-1.png" width="800px"&gt;&lt;/a&gt;</msg>
<status status="PASS" starttime="20220204 15:22:41.451" endtime="20220204 15:22:41.700"/>
</kw>
<kw name="Close Application" library="AppiumLibrary">
<doc>Closes the current application and also close webdriver session.</doc>
<status status="PASS" starttime="20220204 15:22:41.700" endtime="20220204 15:22:41.982"/>
</kw>
<status status="PASS" starttime="20220204 15:22:41.451" endtime="20220204 15:22:41.982"/>
</kw>
<tag>short</tag>
<status status="PASS" starttime="20220204 15:22:24.528" endtime="20220204 15:22:41.982"/>
</test>
<test id="s1-t2" name="Click Longo">
<kw name="Open Session" library="base" type="SETUP">
<kw name="Set Appium Timeout" library="AppiumLibrary">
<arg>5</arg>
<doc>Sets the timeout in seconds used by various keywords.</doc>
<status status="PASS" starttime="20220204 15:22:41.984" endtime="20220204 15:22:41.984"/>
</kw>
<kw name="Open Application" library="AppiumLibrary">
<arg>http://localhost:4723/wd/hub</arg>
<arg>automationName=UiAutomator2</arg>
<arg>platformName=Android</arg>
<arg>deviceName=Android Emulator</arg>
<arg>app=${EXECDIR}/app/twp.apk</arg>
<doc>Opens a new application to given Appium server.
Capabilities of appium server, Android and iOS,
Please check https://github.com/appium/appium/blob/master/docs/en/writing-running-appium/server-args.md
| *Option*            | *Man.* | *Description*     |
| remote_url          | Yes    | Appium server url |
| alias               | no     | alias             |</doc>
<status status="PASS" starttime="20220204 15:22:41.984" endtime="20220204 15:22:49.222"/>
</kw>
<kw name="Get Started" library="steps">
<kw name="Wait Until Page Contains" library="AppiumLibrary">
<arg>${Start}</arg>
<arg>20</arg>
<doc>Waits until `text` appears on current page.</doc>
<status status="PASS" starttime="20220204 15:22:49.222" endtime="20220204 15:22:53.574"/>
</kw>
<kw name="Click Text" library="AppiumLibrary">
<arg>${Start}</arg>
<doc>Click text identified by ``text``.</doc>
<status status="PASS" starttime="20220204 15:22:53.574" endtime="20220204 15:22:53.895"/>
</kw>
<status status="PASS" starttime="20220204 15:22:49.222" endtime="20220204 15:22:53.896"/>
</kw>
<status status="PASS" starttime="20220204 15:22:41.984" endtime="20220204 15:22:53.896"/>
</kw>
<kw name="Go To Long Click" library="steps">
<kw name="Open Nav" library="steps">
<kw name="Wait Until Element Is Visible" library="AppiumLibrary">
<arg>${Hamburguer}</arg>
<arg>10</arg>
<doc>Waits until element specified with `locator` is visible.</doc>
<status status="PASS" starttime="20220204 15:22:53.897" endtime="20220204 15:22:55.083"/>
</kw>
<kw name="Click Element" library="AppiumLibrary">
<arg>${Hamburguer}</arg>
<doc>Click element identified by `locator`.</doc>
<msg timestamp="20220204 15:22:55.085" level="INFO">Clicking element 'xpath=//android.widget.ImageButton[@content-desc="Open navigation drawer"]'.</msg>
<status status="PASS" starttime="20220204 15:22:55.084" endtime="20220204 15:22:55.145"/>
</kw>
<kw name="Wait Until Element Is Visible" library="AppiumLibrary">
<arg>${NavView}</arg>
<arg>5</arg>
<doc>Waits until element specified with `locator` is visible.</doc>
<status status="PASS" starttime="20220204 15:22:55.145" endtime="20220204 15:22:56.131"/>
</kw>
<status status="PASS" starttime="20220204 15:22:53.896" endtime="20220204 15:22:56.131"/>
</kw>
<kw name="Click Text" library="AppiumLibrary">
<arg>BOTÕES</arg>
<doc>Click text identified by ``text``.</doc>
<status status="PASS" starttime="20220204 15:22:56.131" endtime="20220204 15:22:56.223"/>
</kw>
<kw name="Wait Until Page Contains" library="AppiumLibrary">
<arg>CLIQUE LONGO</arg>
<doc>Waits until `text` appears on current page.</doc>
<status status="PASS" starttime="20220204 15:22:56.223" endtime="20220204 15:22:56.410"/>
</kw>
<kw name="Click Text" library="AppiumLibrary">
<arg>CLIQUE LONGO</arg>
<doc>Click text identified by ``text``.</doc>
<status status="PASS" starttime="20220204 15:22:56.410" endtime="20220204 15:22:57.200"/>
</kw>
<kw name="Wait Until Page Contains" library="AppiumLibrary">
<arg>Botão clique longo</arg>
<doc>Waits until `text` appears on current page.</doc>
<status status="PASS" starttime="20220204 15:22:57.200" endtime="20220204 15:22:57.917"/>
</kw>
<status status="PASS" starttime="20220204 15:22:53.896" endtime="20220204 15:22:57.917"/>
</kw>
<kw name="Long Press" library="AppiumLibrary">
<arg>${BtnCliqueLongo}</arg>
<doc>Long press the element with optional duration</doc>
<status status="PASS" starttime="20220204 15:22:57.917" endtime="20220204 15:23:00.489"/>
</kw>
<kw name="Wait Until Page Contains" library="AppiumLibrary">
<arg>CLIQUE LONGO OK</arg>
<doc>Waits until `text` appears on current page.</doc>
<status status="PASS" starttime="20220204 15:23:00.490" endtime="20220204 15:23:01.074"/>
</kw>
<kw name="Close Session" library="base" type="TEARDOWN">
<kw name="Capture Page Screenshot" library="AppiumLibrary">
<doc>Takes a screenshot of the current page and embeds it into the log.</doc>
<msg timestamp="20220204 15:23:01.284" level="INFO" html="true">&lt;/td&gt;&lt;/tr&gt;&lt;tr&gt;&lt;td colspan="3"&gt;&lt;a href="appium-screenshot-2.png"&gt;&lt;img src="appium-screenshot-2.png" width="800px"&gt;&lt;/a&gt;</msg>
<status status="PASS" starttime="20220204 15:23:01.075" endtime="20220204 15:23:01.284"/>
</kw>
<kw name="Close Application" library="AppiumLibrary">
<doc>Closes the current application and also close webdriver session.</doc>
<status status="PASS" starttime="20220204 15:23:01.284" endtime="20220204 15:23:01.556"/>
</kw>
<status status="PASS" starttime="20220204 15:23:01.075" endtime="20220204 15:23:01.556"/>
</kw>
<tag>long</tag>
<status status="PASS" starttime="20220204 15:22:41.983" endtime="20220204 15:23:01.556"/>
</test>
<status status="PASS" starttime="20220204 15:22:24.362" endtime="20220204 15:23:01.557"/>
</suite>
<statistics>
<total>
<stat pass="2" fail="0" skip="0">All Tests</stat>
</total>
<tag>
<stat pass="1" fail="0" skip="0">long</stat>
<stat pass="1" fail="0" skip="0">short</stat>
</tag>
<suite>
<stat pass="2" fail="0" skip="0" id="s1" name="Buttons">Buttons</stat>
</suite>
</statistics>
<errors>
</errors>
</robot>
