<?xml version="1.0" encoding="UTF-8"?>
<robot generator="Robot 4.1.3 (Python 3.9.7 on win32)" generated="20220111 16:29:34.923" rpa="false" schemaversion="2">
<suite id="s1" name="Drag-And-Drop" source="C:\luiz\Appium\tests\drag-and-drop.robot">
<test id="s1-t1" name="Deve mover o Hulk para o topo da lista">
<kw name="Open Session" library="base" type="SETUP">
<kw name="Set Appium Timeout" library="AppiumLibrary">
<arg>5</arg>
<doc>Sets the timeout in seconds used by various keywords.</doc>
<status status="PASS" starttime="20220111 16:29:35.073" endtime="20220111 16:29:35.073"/>
</kw>
<kw name="Open Application" library="AppiumLibrary">
<arg>http://localhost:4723/wd/hub</arg>
<arg>automationName=UiAutomator2</arg>
<arg>platformName=Android</arg>
<arg>deviceName=Android Emulator</arg>
<arg>app=${EXECDIR}/app/twp.apk</arg>
<doc>Opens a new application to given Appium server.
Capabilities of appium server, Android and iOS,
Please check https://github.com/appium/appium/blob/master/docs/en/writing-running-appium/server-args.md
| *Option*            | *Man.* | *Description*     |
| remote_url          | Yes    | Appium server url |
| alias               | no     | alias             |</doc>
<status status="PASS" starttime="20220111 16:29:35.073" endtime="20220111 16:29:42.415"/>
</kw>
<kw name="Get Started" library="steps">
<kw name="Wait Until Page Contains" library="AppiumLibrary">
<arg>${Start}</arg>
<arg>20</arg>
<doc>Waits until `text` appears on current page.</doc>
<status status="PASS" starttime="20220111 16:29:42.415" endtime="20220111 16:29:46.771"/>
</kw>
<kw name="Click Text" library="AppiumLibrary">
<arg>${Start}</arg>
<doc>Click text identified by ``text``.</doc>
<status status="PASS" starttime="20220111 16:29:46.771" endtime="20220111 16:29:46.854"/>
</kw>
<status status="PASS" starttime="20220111 16:29:42.415" endtime="20220111 16:29:46.854"/>
</kw>
<status status="PASS" starttime="20220111 16:29:35.073" endtime="20220111 16:29:46.854"/>
</kw>
<kw name="Go To Avenger List" library="steps">
<kw name="Open Nav" library="steps">
<kw name="Wait Until Element Is Visible" library="AppiumLibrary">
<arg>${Hamburguer}</arg>
<arg>10</arg>
<doc>Waits until element specified with `locator` is visible.</doc>
<status status="PASS" starttime="20220111 16:29:46.855" endtime="20220111 16:29:48.065"/>
</kw>
<kw name="Click Element" library="AppiumLibrary">
<arg>${Hamburguer}</arg>
<doc>Click element identified by `locator`.</doc>
<msg timestamp="20220111 16:29:48.067" level="INFO">Clicking element 'xpath=//android.widget.ImageButton[@content-desc="Open navigation drawer"]'.</msg>
<status status="PASS" starttime="20220111 16:29:48.066" endtime="20220111 16:29:48.106"/>
</kw>
<kw name="Wait Until Element Is Visible" library="AppiumLibrary">
<arg>${NavView}</arg>
<arg>5</arg>
<doc>Waits until element specified with `locator` is visible.</doc>
<status status="PASS" starttime="20220111 16:29:48.106" endtime="20220111 16:29:49.036"/>
</kw>
<status status="PASS" starttime="20220111 16:29:46.855" endtime="20220111 16:29:49.036"/>
</kw>
<kw name="Click Text" library="AppiumLibrary">
<arg>AVENGERS</arg>
<doc>Click text identified by ``text``.</doc>
<status status="PASS" starttime="20220111 16:29:49.037" endtime="20220111 16:29:49.094"/>
</kw>
<kw name="Wait Until Page Contains" library="AppiumLibrary">
<arg>AVENGERS</arg>
<doc>Waits until `text` appears on current page.</doc>
<status status="PASS" starttime="20220111 16:29:49.094" endtime="20220111 16:29:49.271"/>
</kw>
<kw name="Click Text" library="AppiumLibrary">
<arg>LISTA</arg>
<doc>Click text identified by ``text``.</doc>
<status status="PASS" starttime="20220111 16:29:49.271" endtime="20220111 16:29:50.053"/>
</kw>
<kw name="Wait Until Page Contains" library="AppiumLibrary">
<arg>LISTA</arg>
<doc>Waits until `text` appears on current page.</doc>
<status status="PASS" starttime="20220111 16:29:50.053" endtime="20220111 16:29:50.117"/>
</kw>
<status status="PASS" starttime="20220111 16:29:46.855" endtime="20220111 16:29:50.117"/>
</kw>
<kw name="Drag And Drop" library="extend">
<arg>io.qaninja.android.twp:id/drag_handle</arg>
<arg>3</arg>
<arg>0</arg>
<status status="PASS" starttime="20220111 16:29:50.118" endtime="20220111 16:30:01.936"/>
</kw>
<kw name="Sleep" library="BuiltIn">
<arg>5</arg>
<doc>Pauses the test executed for the given time.</doc>
<msg timestamp="20220111 16:30:06.943" level="INFO">Slept 5 seconds</msg>
<status status="PASS" starttime="20220111 16:30:01.937" endtime="20220111 16:30:06.943"/>
</kw>
<kw name="Close Session" library="base" type="TEARDOWN">
<kw name="Close Application" library="AppiumLibrary">
<doc>Closes the current application and also close webdriver session.</doc>
<status status="PASS" starttime="20220111 16:30:06.943" endtime="20220111 16:30:07.199"/>
</kw>
<status status="PASS" starttime="20220111 16:30:06.943" endtime="20220111 16:30:07.199"/>
</kw>
<status status="PASS" starttime="20220111 16:29:35.072" endtime="20220111 16:30:07.200"/>
</test>
<status status="PASS" starttime="20220111 16:29:34.924" endtime="20220111 16:30:07.201"/>
</suite>
<statistics>
<total>
<stat pass="1" fail="0" skip="0">All Tests</stat>
</total>
<tag>
</tag>
<suite>
<stat pass="1" fail="0" skip="0" id="s1" name="Drag-And-Drop">Drag-And-Drop</stat>
</suite>
</statistics>
<errors>
</errors>
</robot>
